<?xml version="1.0" encoding="UTF-8"?>
<!-- Generated by org.testng.reporters.JUnitReportReporter -->
<testsuite skipped="0" hostname="EG5CG63317RX" name="TestCases.SendMailFromGmailTest" tests="4" failures="0" timestamp="09 Oct 2019 14:41:40 GMT" time="52.883" errors="0">
  <testcase name="OpenMailAndMarkAsStarred" time="4.359" classname="TestCases.SendMailFromGmailTest"/>
  <testcase name="SendSocialEmail" time="19.367" classname="TestCases.SendMailFromGmailTest"/>
  <testcase name="LoginToGmail" time="26.348" classname="TestCases.SendMailFromGmailTest"/>
  <testcase name="CheckBodyAndSubjectForTheSocialEmailRecieved" time="2.809" classname="TestCases.SendMailFromGmailTest"/>
</testsuite> <!-- TestCases.SendMailFromGmailTest -->
